<?xml version="1.0" encoding="UTF-8"?>
<testsuite xmlns:xsi="http://www.w3.org/2001/XMLSchema-instance" xsi:noNamespaceSchemaLocation="https://maven.apache.org/surefire/maven-surefire-plugin/xsd/surefire-test-report-3.0.xsd" version="3.0" name="com.ilp.restservice.unitTest.OrderValidationServiceTest" time="0.706" tests="23" errors="0" skipped="0" failures="0">
  <properties>
[...]
</properties>
  <testcase name="checkCreditCard_invalidCVV" classname="com.ilp.restservice.unitTest.OrderValidationServiceTest" time="0.606">
    <system-out><![CDATA[==== Test: checkCreditCard_invalidCVV ====
Input: CVV length=2
Expected: CVV_INVALID
Actual:   CVV_INVALID
Reason:   CVV must be 3 digits

]]></system-out>
    <system-err><![CDATA[WARNING: A Java agent has been loaded dynamically (C:\Users\Guolong\.m2\repository\net\bytebuddy\byte-buddy-agent\1.14.19\byte-buddy-agent-1.14.19.jar)
WARNING: If a serviceability tool is in use, please run with -XX:+EnableDynamicAgentLoading to hide this warning
WARNING: If a serviceability tool is not in use, please run with -Djdk.instrument.traceUsage for more information
WARNING: Dynamic loading of agents will be disallowed by default in a future release
]]></system-err>
  </testcase>
  <testcase name="checkBasicStructure_nullOrder" classname="com.ilp.restservice.unitTest.OrderValidationServiceTest" time="0.002">
    <system-out><![CDATA[==== Test: checkBasicStructure_nullOrder ====
Input: order = null
Expected: UNDEFINED
Actual:   UNDEFINED
Reason:   Because the order is null, we expect UNDEFINED

]]></system-out>
  </testcase>
  <testcase name="checkBasicStructure_tooManyPizzas" classname="com.ilp.restservice.unitTest.OrderValidationServiceTest" time="0.004">
    <system-out><![CDATA[==== Test: checkBasicStructure_tooManyPizzas ====
Input: 5 pizzas in the list
Expected: MAX_PIZZA_COUNT_EXCEEDED
Actual:   MAX_PIZZA_COUNT_EXCEEDED
Reason:   More than 4 pizzas => MAX_PIZZA_COUNT_EXCEEDED

]]></system-out>
  </testcase>
  <testcase name="checkCreditCard_invalidCardNumber" classname="com.ilp.restservice.unitTest.OrderValidationServiceTest" time="0.001">
    <system-out><![CDATA[==== Test: checkCreditCard_invalidCardNumber ====
Input: 4-digit card number
Expected: CARD_NUMBER_INVALID
Actual:   CARD_NUMBER_INVALID
Reason:   Card number <16 => invalid

]]></system-out>
  </testcase>
  <testcase name="computeOfficialTotal_simple" classname="com.ilp.restservice.unitTest.OrderValidationServiceTest" time="0.005">
    <system-out><![CDATA[==== Test: computeOfficialTotal_simple ====
Input: 'R1: Margarita'(1000), 'R1: Calzone'(1400)
Expected: 2400
Actual:   2400
Reason:   1000 + 1400 => 2400

]]></system-out>
  </testcase>
  <testcase name="checkBasicStructure_emptyPizzas" classname="com.ilp.restservice.unitTest.OrderValidationServiceTest" time="0.001">
    <system-out><![CDATA[==== Test: checkBasicStructure_emptyPizzas ====
Input: pizzasInOrder = []
Expected: EMPTY_ORDER
Actual:   EMPTY_ORDER
Reason:   An empty pizza list => EMPTY_ORDER

]]></system-out>
  </testcase>
  <testcase name="checkRestaurantIsOpen_dateNull" classname="com.ilp.restservice.unitTest.OrderValidationServiceTest" time="0.002">
    <system-out><![CDATA[==== Test: checkRestaurantIsOpen_dateNull ====
Input: date=null
Expected: null
Actual:   null
Reason:   If date is null, the code returns no error

]]></system-out>
  </testcase>
  <testcase name="checkRestaurantIsOpen_open" classname="com.ilp.restservice.unitTest.OrderValidationServiceTest" time="0.001">
    <system-out><![CDATA[==== Test: checkRestaurantIsOpen_open ====
Input: openingDays=[WEDNESDAY,THURSDAY], date=Wed
Expected: null (no error)
Actual:   null
Reason:   The restaurant is open on Wed => no error

]]></system-out>
  </testcase>
  <testcase name="checkFinalTotal_correct" classname="com.ilp.restservice.unitTest.OrderValidationServiceTest" time="0.001">
    <system-out><![CDATA[==== Test: checkFinalTotal_correct ====
Input: official=2300 => 2300+100=2400, user=2400
Expected: null
Actual:   null
Reason:   If they match => no error

]]></system-out>
  </testcase>
  <testcase name="checkRestaurantIsOpen_closed" classname="com.ilp.restservice.unitTest.OrderValidationServiceTest" time="0.001">
    <system-out><![CDATA[==== Test: checkRestaurantIsOpen_closed ====
Input: No openingDays, date=2025-01-01
Expected: RESTAURANT_CLOSED
Actual:   RESTAURANT_CLOSED
Reason:   If restaurant has no days => closed

]]></system-out>
  </testcase>
  <testcase name="checkEachPizzaPrice_mismatch" classname="com.ilp.restservice.unitTest.OrderValidationServiceTest" time="0.001">
    <system-out><![CDATA[==== Test: checkEachPizzaPrice_mismatch ====
Input: official=1000, user=1200
Expected: PRICE_FOR_PIZZA_INVALID
Actual:   PRICE_FOR_PIZZA_INVALID
Reason:   Price mismatch => PRICE_FOR_PIZZA_INVALID

]]></system-out>
  </testcase>
  <testcase name="checkBasicStructure_noError" classname="com.ilp.restservice.unitTest.OrderValidationServiceTest" time="0.001">
    <system-out><![CDATA[==== Test: checkBasicStructure_noError ====
Input: 1 pizza, valid structure
Expected: null
Actual:   null
Reason:   If structure is fine, no error => null

]]></system-out>
  </testcase>
  <testcase name="findSingleRestaurantForAllPizzas_singleOk" classname="com.ilp.restservice.unitTest.OrderValidationServiceTest" time="0.048">
    <system-out><![CDATA[==== Test: findSingleRestaurantForAllPizzas_singleOk ====
Input: 'R1: Margarita' and 'R1: Calzone' both in 'Rest1'
Expected: Restaurant 'Rest1'
Actual:   Rest1
Reason:   Exactly one match => return that restaurant

]]></system-out>
  </testcase>
  <testcase name="checkEachPizzaPrice_noError" classname="com.ilp.restservice.unitTest.OrderValidationServiceTest" time="0.001">
    <system-out><![CDATA[==== Test: checkEachPizzaPrice_noError ====
Input: official=1000, user=1000 => match
Expected: null (no error)
Actual:   null
Reason:   If user price matches official => no error

]]></system-out>
  </testcase>
  <testcase name="checkAllPizzasGloballyDefined_allGood" classname="com.ilp.restservice.unitTest.OrderValidationServiceTest" time="0.002">
    <system-out><![CDATA[==== Test: checkAllPizzasGloballyDefined_allGood ====
Input: 'R1: Margarita' is defined in 'Civerinos Slice'
Expected: null
Actual:   null
Reason:   If found globally => no error => null

]]></system-out>
  </testcase>
  <testcase name="checkCreditCard_ok" classname="com.ilp.restservice.unitTest.OrderValidationServiceTest" time="0.001">
    <system-out><![CDATA[==== Test: checkCreditCard_ok ====
Input: 16-digit, future expiry, 3-digit CVV
Expected: null
Actual:   null
Reason:   All fields valid => no error

]]></system-out>
  </testcase>
  <testcase name="findSingleRestaurantForAllPizzas_multipleRestaurants" classname="com.ilp.restservice.unitTest.OrderValidationServiceTest" time="0.001">
    <system-out><![CDATA[==== Test: findSingleRestaurantForAllPizzas_multipleRestaurants ====
Input: Two restaurants both can fulfill 'R1: Margarita'
Expected: Optional.empty()
Actual:   empty
Reason:   More than one match => empty Optional

]]></system-out>
  </testcase>
  <testcase name="isCardNumberValidTest" classname="com.ilp.restservice.unitTest.OrderValidationServiceTest" time="0.002">
    <system-out><![CDATA[==== Test: isCardNumberValidTest: null ====
Input: null
Expected: false
Actual:   false
Reason:   Null => not 16 digits => false

==== Test: isCardNumberValidTest: short number ====
Input: '12345678' => length=8
Expected: false
Actual:   false
Reason:   Must be 16 => false

==== Test: isCardNumberValidTest: 16 digits ====
Input: '1111222233334444' => length=16
Expected: true
Actual:   true
Reason:   16 digits => true

]]></system-out>
  </testcase>
  <testcase name="checkCreditCard_expired" classname="com.ilp.restservice.unitTest.OrderValidationServiceTest" time="0.001">
    <system-out><![CDATA[==== Test: checkCreditCard_expired ====
Input: expiry=01/21 => expired
Expected: EXPIRY_DATE_INVALID
Actual:   EXPIRY_DATE_INVALID
Reason:   If card is past expiry => invalid

]]></system-out>
  </testcase>
  <testcase name="findSingleRestaurantForAllPizzas_noneFulfill" classname="com.ilp.restservice.unitTest.OrderValidationServiceTest" time="0.001">
    <system-out><![CDATA[==== Test: findSingleRestaurantForAllPizzas_noneFulfill ====
Input: No restaurant contains 'R1: Margarita'
Expected: empty
Actual:   empty
Reason:   None can fulfill => empty Optional

]]></system-out>
  </testcase>
  <testcase name="checkBasicStructure_noPizzas" classname="com.ilp.restservice.unitTest.OrderValidationServiceTest" time="0.001">
    <system-out><![CDATA[==== Test: checkBasicStructure_noPizzas ====
Input: pizzasInOrder = null
Expected: UNDEFINED
Actual:   UNDEFINED
Reason:   If the pizzas list is null, we expect UNDEFINED

]]></system-out>
  </testcase>
  <testcase name="checkAllPizzasGloballyDefined_notDefined" classname="com.ilp.restservice.unitTest.OrderValidationServiceTest" time="0.001">
    <system-out><![CDATA[==== Test: checkAllPizzasGloballyDefined_notDefined ====
Input: 'R1: Margarita' not in any restaurant's menu
Expected: PIZZA_NOT_DEFINED
Actual:   PIZZA_NOT_DEFINED
Reason:   If pizza not found in any restaurant => PIZZA_NOT_DEFINED

]]></system-out>
  </testcase>
  <testcase name="checkFinalTotal_incorrect" classname="com.ilp.restservice.unitTest.OrderValidationServiceTest" time="0.0">
    <system-out><![CDATA[==== Test: checkFinalTotal_incorrect ====
Input: official=2000 => official+100=2100, user=2101
Expected: TOTAL_INCORRECT
Actual:   TOTAL_INCORRECT
Reason:   2101 != 2100 => mismatch

]]></system-out>
  </testcase>
</testsuite>