<?xml version="1.0" encoding="UTF-8"?>
<testsuite xmlns:xsi="http://www.w3.org/2001/XMLSchema-instance" xsi:noNamespaceSchemaLocation="https://maven.apache.org/surefire/maven-surefire-plugin/xsd/surefire-test-report-3.0.xsd" version="3.0" name="com.ilp.restservice.unitTestEndpoints.EndpointsIntegrationTest" time="3.751" tests="1" errors="0" skipped="0" failures="0">
  <properties>
[...]
</properties>
  <testcase name="testEndpoints" classname="com.ilp.restservice.unitTestEndpoints.EndpointsIntegrationTest" time="1.495">
    <system-out><![CDATA[23:46:52.536 [main] INFO org.springframework.test.context.support.AnnotationConfigContextLoaderUtils -- Could not detect default configuration classes for test class [com.ilp.restservice.unitTestEndpoints.EndpointsIntegrationTest]: EndpointsIntegrationTest does not declare any static, non-private, non-final, nested classes annotated with @Configuration.
23:46:52.614 [main] INFO org.springframework.boot.test.context.SpringBootTestContextBootstrapper -- Found @SpringBootConfiguration com.ilp.restservice.RestServiceApplication for test class com.ilp.restservice.unitTestEndpoints.EndpointsIntegrationTest

  .   ____          _            __ _ _
 /\\ / ___'_ __ _ _(_)_ __  __ _ \ \ \ \
( ( )\___ | '_ | '_| | '_ \/ _` | \ \ \ \
 \\/  ___)| |_)| | | | | || (_| |  ) ) ) )
  '  |____| .__|_| |_|_| |_\__, | / / / /
 =========|_|==============|___/=/_/_/_/

 :: Spring Boot ::                (v3.3.4)

2025-01-19T23:46:52.879Z  INFO 36260 --- [cw2] [           main] c.i.r.u.EndpointsIntegrationTest         : Starting EndpointsIntegrationTest using Java 23 with PID 36260 (started by Guolong in C:\Users\Guolong\OneDrive - University of Edinburgh\ST_CW\ilp_submission_1)
2025-01-19T23:46:52.880Z  INFO 36260 --- [cw2] [           main] c.i.r.u.EndpointsIntegrationTest         : No active profile set, falling back to 1 default profile: "default"
2025-01-19T23:46:54.421Z  INFO 36260 --- [cw2] [           main] o.s.b.t.m.w.SpringBootMockServletContext : Initializing Spring TestDispatcherServlet ''
2025-01-19T23:46:54.421Z  INFO 36260 --- [cw2] [           main] o.s.t.web.servlet.TestDispatcherServlet  : Initializing Servlet ''
2025-01-19T23:46:54.431Z  INFO 36260 --- [cw2] [           main] o.s.b.a.e.web.EndpointLinksResolver      : Exposing 1 endpoint beneath base path '/actuator'
2025-01-19T23:46:54.440Z  INFO 36260 --- [cw2] [           main] o.s.t.web.servlet.TestDispatcherServlet  : Completed initialization in 18 ms
2025-01-19T23:46:54.481Z  INFO 36260 --- [cw2] [           main] c.i.r.u.EndpointsIntegrationTest         : Started EndpointsIntegrationTest in 1.786 seconds (process running for 2.386)
Testing orderNo: 7CABB45F (expect INVALID, code CARD_NUMBER_INVALID)
Testing orderNo: 595D2C71 (expect INVALID, code EXPIRY_DATE_INVALID)
Testing orderNo: 5AAE8475 (expect INVALID, code CVV_INVALID)
Testing orderNo: 4FDD3B1F (expect INVALID, code TOTAL_INCORRECT)
Testing orderNo: 0E236987 (expect INVALID, code PIZZA_NOT_DEFINED)
Testing orderNo: 40A8ECFE (expect INVALID, code MAX_PIZZA_COUNT_EXCEEDED)
Testing orderNo: 219F46CC (expect INVALID, code PIZZA_FROM_MULTIPLE_RESTAURANTS)
Testing orderNo: 7B30D30B (expect INVALID, code RESTAURANT_CLOSED)
Testing orderNo: 6A23C8A2 (expect INVALID, code PRICE_FOR_PIZZA_INVALID)
Testing orderNo: 1D3B4FFB (expect INVALID, code EMPTY_ORDER)
Testing orderNo: 2E6E1283 (expect INVALID, code CARD_NUMBER_INVALID)
Testing orderNo: 30A3C6C1 (expect INVALID, code EXPIRY_DATE_INVALID)
Testing orderNo: 55FB15A7 (expect INVALID, code CVV_INVALID)
Testing orderNo: 16388979 (expect INVALID, code TOTAL_INCORRECT)
Testing orderNo: 27E0B5C5 (expect INVALID, code PIZZA_NOT_DEFINED)
Testing orderNo: 2F8EA493 (expect INVALID, code MAX_PIZZA_COUNT_EXCEEDED)
Testing orderNo: 10D504AB (expect INVALID, code PIZZA_FROM_MULTIPLE_RESTAURANTS)
Testing orderNo: 7D57AA05 (expect INVALID, code RESTAURANT_CLOSED)
Testing orderNo: 7784AFA0 (expect INVALID, code PRICE_FOR_PIZZA_INVALID)
Testing orderNo: 21EFBF35 (expect INVALID, code EMPTY_ORDER)
Testing orderNo: 06881C02 (expect INVALID, code CARD_NUMBER_INVALID)
Testing orderNo: 4946A008 (expect INVALID, code EXPIRY_DATE_INVALID)
Testing orderNo: 3E15282C (expect INVALID, code CVV_INVALID)
Testing orderNo: 0E83C3B1 (expect INVALID, code TOTAL_INCORRECT)
Testing orderNo: 45211CA3 (expect INVALID, code PIZZA_NOT_DEFINED)
Testing orderNo: 3392DB19 (expect INVALID, code MAX_PIZZA_COUNT_EXCEEDED)
Testing orderNo: 018FA228 (expect INVALID, code PIZZA_FROM_MULTIPLE_RESTAURANTS)
Testing orderNo: 0E95A4CC (expect INVALID, code RESTAURANT_CLOSED)
Testing orderNo: 6FF7C393 (expect INVALID, code PRICE_FOR_PIZZA_INVALID)
Testing orderNo: 64462EC4 (expect INVALID, code EMPTY_ORDER)
Testing orderNo: 62D11B1D (expect INVALID, code CARD_NUMBER_INVALID)
Testing orderNo: 664F1C26 (expect INVALID, code EXPIRY_DATE_INVALID)
Testing orderNo: 58C58C4F (expect INVALID, code CVV_INVALID)
Testing orderNo: 3AAAB9EB (expect INVALID, code TOTAL_INCORRECT)
Testing orderNo: 4BC6832B (expect INVALID, code PIZZA_NOT_DEFINED)
Testing orderNo: 4B51F2B9 (expect INVALID, code MAX_PIZZA_COUNT_EXCEEDED)
Testing orderNo: 736E6B68 (expect INVALID, code PIZZA_FROM_MULTIPLE_RESTAURANTS)
Testing orderNo: 710D7399 (expect INVALID, code RESTAURANT_CLOSED)
Testing orderNo: 0D2C7223 (expect INVALID, code PRICE_FOR_PIZZA_INVALID)
Testing orderNo: 1BF3AF5B (expect INVALID, code EMPTY_ORDER)
Testing orderNo: 1E9E92B5 (expect INVALID, code CARD_NUMBER_INVALID)
Testing orderNo: 1C015153 (expect INVALID, code EXPIRY_DATE_INVALID)
Testing orderNo: 0CFDF190 (expect INVALID, code CVV_INVALID)
Testing orderNo: 52062B6E (expect INVALID, code TOTAL_INCORRECT)
Testing orderNo: 2B6E0679 (expect INVALID, code PIZZA_NOT_DEFINED)
Testing orderNo: 4431F79F (expect INVALID, code MAX_PIZZA_COUNT_EXCEEDED)
Testing orderNo: 711885FC (expect INVALID, code PIZZA_FROM_MULTIPLE_RESTAURANTS)
Testing orderNo: 34F4A147 (expect INVALID, code RESTAURANT_CLOSED)
Testing orderNo: 1483283C (expect INVALID, code PRICE_FOR_PIZZA_INVALID)
Testing orderNo: 4C56CBFC (expect INVALID, code EMPTY_ORDER)
Testing orderNo: 33D8F099 (expect INVALID, code CARD_NUMBER_INVALID)
Testing orderNo: 11A4B5C8 (expect INVALID, code EXPIRY_DATE_INVALID)
Testing orderNo: 15837F93 (expect INVALID, code CVV_INVALID)
Testing orderNo: 41999139 (expect INVALID, code TOTAL_INCORRECT)
Testing orderNo: 78BF1173 (expect INVALID, code PIZZA_NOT_DEFINED)
Testing orderNo: 1A8B2E90 (expect INVALID, code MAX_PIZZA_COUNT_EXCEEDED)
Testing orderNo: 71A673B5 (expect INVALID, code PIZZA_FROM_MULTIPLE_RESTAURANTS)
Testing orderNo: 4C8B649A (expect INVALID, code RESTAURANT_CLOSED)
Testing orderNo: 540B15CB (expect INVALID, code PRICE_FOR_PIZZA_INVALID)
Testing orderNo: 19100CC8 (expect INVALID, code EMPTY_ORDER)
Testing orderNo: 604B8D5D (expect INVALID, code CARD_NUMBER_INVALID)
Testing orderNo: 4AA15CB2 (expect INVALID, code EXPIRY_DATE_INVALID)
Testing orderNo: 06F14D4B (expect INVALID, code CVV_INVALID)
Testing orderNo: 490907AE (expect INVALID, code TOTAL_INCORRECT)
Testing orderNo: 0BA231C7 (expect INVALID, code PIZZA_NOT_DEFINED)
Testing orderNo: 0D7E7F47 (expect INVALID, code MAX_PIZZA_COUNT_EXCEEDED)
Testing orderNo: 77B86D5D (expect INVALID, code PIZZA_FROM_MULTIPLE_RESTAURANTS)
Testing orderNo: 7830AE13 (expect INVALID, code RESTAURANT_CLOSED)
Testing orderNo: 5A88387F (expect INVALID, code PRICE_FOR_PIZZA_INVALID)
Testing orderNo: 0419CC4A (expect INVALID, code EMPTY_ORDER)
Testing orderNo: 70FF2CD5 (expect INVALID, code CARD_NUMBER_INVALID)
Testing orderNo: 322D07E2 (expect INVALID, code EXPIRY_DATE_INVALID)
Testing orderNo: 3CFC3B63 (expect INVALID, code CVV_INVALID)
Testing orderNo: 0751A9EB (expect INVALID, code TOTAL_INCORRECT)
Testing orderNo: 0BE2AD4A (expect INVALID, code PIZZA_NOT_DEFINED)
Testing orderNo: 39C20003 (expect INVALID, code MAX_PIZZA_COUNT_EXCEEDED)
Testing orderNo: 7EF57DDF (expect INVALID, code PIZZA_FROM_MULTIPLE_RESTAURANTS)
Testing orderNo: 17FDE75D (expect INVALID, code RESTAURANT_CLOSED)
Testing orderNo: 19BB71AB (expect INVALID, code PRICE_FOR_PIZZA_INVALID)
Testing orderNo: 3FAFC778 (expect INVALID, code EMPTY_ORDER)
Testing orderNo: 339EDD7C (expect INVALID, code CARD_NUMBER_INVALID)
Testing orderNo: 03688585 (expect INVALID, code EXPIRY_DATE_INVALID)
Testing orderNo: 7CEB0FD7 (expect INVALID, code CVV_INVALID)
Testing orderNo: 49FAEFC3 (expect INVALID, code TOTAL_INCORRECT)
Testing orderNo: 58552F0C (expect INVALID, code PIZZA_NOT_DEFINED)
Testing orderNo: 107AD1DD (expect INVALID, code MAX_PIZZA_COUNT_EXCEEDED)
Testing orderNo: 060F5676 (expect INVALID, code PIZZA_FROM_MULTIPLE_RESTAURANTS)
Testing orderNo: 146E1D18 (expect INVALID, code RESTAURANT_CLOSED)
Testing orderNo: 576F3784 (expect INVALID, code PRICE_FOR_PIZZA_INVALID)
Testing orderNo: 14FC5C30 (expect INVALID, code EMPTY_ORDER)
Testing orderNo: 6B40A51E (expect INVALID, code CARD_NUMBER_INVALID)
Testing orderNo: 55ECB034 (expect INVALID, code EXPIRY_DATE_INVALID)
Testing orderNo: 09163063 (expect INVALID, code CVV_INVALID)
Testing orderNo: 1F7D57EB (expect INVALID, code TOTAL_INCORRECT)
Testing orderNo: 0DA4AEAE (expect INVALID, code PIZZA_NOT_DEFINED)
Testing orderNo: 0C55C4A8 (expect INVALID, code MAX_PIZZA_COUNT_EXCEEDED)
Testing orderNo: 26DC8504 (expect INVALID, code PIZZA_FROM_MULTIPLE_RESTAURANTS)
Testing orderNo: 416D6F0E (expect INVALID, code RESTAURANT_CLOSED)
Testing orderNo: 45875AE1 (expect INVALID, code PRICE_FOR_PIZZA_INVALID)
Testing orderNo: 2DC4F448 (expect INVALID, code EMPTY_ORDER)
Testing orderNo: 236A293F (expect INVALID, code CARD_NUMBER_INVALID)
Testing orderNo: 6F5F5D28 (expect INVALID, code EXPIRY_DATE_INVALID)
Testing orderNo: 4934D257 (expect INVALID, code CVV_INVALID)
Testing orderNo: 24C868DA (expect INVALID, code TOTAL_INCORRECT)
Testing orderNo: 5227C5D4 (expect INVALID, code PIZZA_NOT_DEFINED)
Testing orderNo: 2F7F9A99 (expect INVALID, code MAX_PIZZA_COUNT_EXCEEDED)
Testing orderNo: 4FEC5E58 (expect INVALID, code PIZZA_FROM_MULTIPLE_RESTAURANTS)
Testing orderNo: 74481900 (expect INVALID, code RESTAURANT_CLOSED)
Testing orderNo: 5A987B6C (expect INVALID, code PRICE_FOR_PIZZA_INVALID)
Testing orderNo: 328A6E5A (expect INVALID, code EMPTY_ORDER)
Testing orderNo: 0F46DFF3 (expect INVALID, code CARD_NUMBER_INVALID)
Testing orderNo: 5066807B (expect INVALID, code EXPIRY_DATE_INVALID)
Testing orderNo: 0CE7D722 (expect INVALID, code CVV_INVALID)
Testing orderNo: 4E7BCE9F (expect INVALID, code TOTAL_INCORRECT)
Testing orderNo: 435DBFA3 (expect INVALID, code PIZZA_NOT_DEFINED)
Testing orderNo: 637BB61E (expect INVALID, code MAX_PIZZA_COUNT_EXCEEDED)
Testing orderNo: 261DDB4F (expect INVALID, code PIZZA_FROM_MULTIPLE_RESTAURANTS)
Testing orderNo: 7A3B490A (expect INVALID, code RESTAURANT_CLOSED)
Testing orderNo: 78A9636B (expect INVALID, code PRICE_FOR_PIZZA_INVALID)
Testing orderNo: 13A635BF (expect INVALID, code EMPTY_ORDER)
Testing orderNo: 75B8C72D (expect INVALID, code CARD_NUMBER_INVALID)
Testing orderNo: 09E94DF3 (expect INVALID, code EXPIRY_DATE_INVALID)
Testing orderNo: 4B05835E (expect INVALID, code CVV_INVALID)
Testing orderNo: 4884D0B4 (expect INVALID, code TOTAL_INCORRECT)
Testing orderNo: 7BFE1A40 (expect INVALID, code PIZZA_NOT_DEFINED)
Testing orderNo: 401846C5 (expect INVALID, code MAX_PIZZA_COUNT_EXCEEDED)
Testing orderNo: 650B06D1 (expect INVALID, code PIZZA_FROM_MULTIPLE_RESTAURANTS)
Testing orderNo: 3DB9432F (expect INVALID, code RESTAURANT_CLOSED)
Testing orderNo: 127030C1 (expect INVALID, code PRICE_FOR_PIZZA_INVALID)
Testing orderNo: 301CA75B (expect INVALID, code EMPTY_ORDER)
Testing orderNo: 139BBBDF (expect INVALID, code CARD_NUMBER_INVALID)
Testing orderNo: 07D006E1 (expect INVALID, code EXPIRY_DATE_INVALID)
Testing orderNo: 3B2AFDEA (expect INVALID, code CVV_INVALID)
Testing orderNo: 5552C2C0 (expect INVALID, code TOTAL_INCORRECT)
Testing orderNo: 2604E183 (expect INVALID, code PIZZA_NOT_DEFINED)
Testing orderNo: 5A7557CE (expect INVALID, code MAX_PIZZA_COUNT_EXCEEDED)
Testing orderNo: 43512E9F (expect INVALID, code PIZZA_FROM_MULTIPLE_RESTAURANTS)
Testing orderNo: 03ECD818 (expect INVALID, code RESTAURANT_CLOSED)
Testing orderNo: 0C428722 (expect INVALID, code PRICE_FOR_PIZZA_INVALID)
Testing orderNo: 5B0820E2 (expect INVALID, code EMPTY_ORDER)
Testing orderNo: 70F56248 (expect INVALID, code CARD_NUMBER_INVALID)
Testing orderNo: 615427EC (expect INVALID, code EXPIRY_DATE_INVALID)
Testing orderNo: 6F7FF1EA (expect INVALID, code CVV_INVALID)
Testing orderNo: 2F21658A (expect INVALID, code TOTAL_INCORRECT)
Testing orderNo: 121B6542 (expect INVALID, code PIZZA_NOT_DEFINED)
Testing orderNo: 37473DA2 (expect INVALID, code MAX_PIZZA_COUNT_EXCEEDED)
Testing orderNo: 02993890 (expect INVALID, code PIZZA_FROM_MULTIPLE_RESTAURANTS)
Testing orderNo: 1C3ECD0B (expect INVALID, code RESTAURANT_CLOSED)
Testing orderNo: 72734F62 (expect INVALID, code PRICE_FOR_PIZZA_INVALID)
Testing orderNo: 1B2A38A6 (expect INVALID, code EMPTY_ORDER)
Testing orderNo: 30606CAB (expect INVALID, code CARD_NUMBER_INVALID)
Testing orderNo: 7F29CAE1 (expect INVALID, code EXPIRY_DATE_INVALID)
Testing orderNo: 47A5E47F (expect INVALID, code CVV_INVALID)
Testing orderNo: 4D6B12BE (expect INVALID, code TOTAL_INCORRECT)
Testing orderNo: 3D3AF1E4 (expect INVALID, code PIZZA_NOT_DEFINED)
Testing orderNo: 1D578130 (expect INVALID, code MAX_PIZZA_COUNT_EXCEEDED)
Testing orderNo: 73F7C4D0 (expect INVALID, code PIZZA_FROM_MULTIPLE_RESTAURANTS)
Testing orderNo: 3C67C226 (expect INVALID, code RESTAURANT_CLOSED)
Testing orderNo: 504F6DE3 (expect INVALID, code PRICE_FOR_PIZZA_INVALID)
Testing orderNo: 57714118 (expect INVALID, code EMPTY_ORDER)
Testing orderNo: 2E4BFCD9 (expect INVALID, code CARD_NUMBER_INVALID)
Testing orderNo: 513BB3F6 (expect INVALID, code EXPIRY_DATE_INVALID)
Testing orderNo: 3984B90C (expect INVALID, code CVV_INVALID)
Testing orderNo: 16A381C8 (expect INVALID, code TOTAL_INCORRECT)
Testing orderNo: 45EF6F12 (expect INVALID, code PIZZA_NOT_DEFINED)
Testing orderNo: 76202D23 (expect INVALID, code MAX_PIZZA_COUNT_EXCEEDED)
Testing orderNo: 53A3E0D5 (expect INVALID, code PIZZA_FROM_MULTIPLE_RESTAURANTS)
Testing orderNo: 07358FF7 (expect INVALID, code RESTAURANT_CLOSED)
Testing orderNo: 2D9A2E40 (expect INVALID, code PRICE_FOR_PIZZA_INVALID)
Testing orderNo: 224C2267 (expect INVALID, code EMPTY_ORDER)
Testing orderNo: 0C1330C6 (expect INVALID, code CARD_NUMBER_INVALID)
Testing orderNo: 24760506 (expect INVALID, code EXPIRY_DATE_INVALID)
Testing orderNo: 57C63734 (expect INVALID, code CVV_INVALID)
Testing orderNo: 3312612C (expect INVALID, code TOTAL_INCORRECT)
Testing orderNo: 77160962 (expect INVALID, code PIZZA_NOT_DEFINED)
Testing orderNo: 29928363 (expect INVALID, code MAX_PIZZA_COUNT_EXCEEDED)
Testing orderNo: 4052DC2C (expect INVALID, code PIZZA_FROM_MULTIPLE_RESTAURANTS)
Testing orderNo: 2D4955F0 (expect INVALID, code RESTAURANT_CLOSED)
Testing orderNo: 252FF69F (expect INVALID, code PRICE_FOR_PIZZA_INVALID)
Testing orderNo: 4DA0ABB8 (expect INVALID, code EMPTY_ORDER)
Testing orderNo: 663ADE16 (expect INVALID, code CARD_NUMBER_INVALID)
Testing orderNo: 36B93832 (expect INVALID, code EXPIRY_DATE_INVALID)
Testing orderNo: 2DBFF898 (expect INVALID, code CVV_INVALID)
Testing orderNo: 4FDEBC60 (expect INVALID, code TOTAL_INCORRECT)
Testing orderNo: 4682A834 (expect INVALID, code PIZZA_NOT_DEFINED)
Testing orderNo: 5D3F7A23 (expect INVALID, code MAX_PIZZA_COUNT_EXCEEDED)
Testing orderNo: 5568D305 (expect INVALID, code PIZZA_FROM_MULTIPLE_RESTAURANTS)
Testing orderNo: 5DF3836A (expect INVALID, code RESTAURANT_CLOSED)
Testing orderNo: 30F8B16C (expect INVALID, code PRICE_FOR_PIZZA_INVALID)
Testing orderNo: 483E4576 (expect INVALID, code EMPTY_ORDER)
Testing orderNo: 30DE65ED (expect INVALID, code CARD_NUMBER_INVALID)
Testing orderNo: 779FA5AD (expect INVALID, code EXPIRY_DATE_INVALID)
Testing orderNo: 66D75B9D (expect INVALID, code CVV_INVALID)
Testing orderNo: 2D3490C5 (expect INVALID, code TOTAL_INCORRECT)
Testing orderNo: 5BAE0640 (expect INVALID, code PIZZA_NOT_DEFINED)
Testing orderNo: 49BCA962 (expect INVALID, code MAX_PIZZA_COUNT_EXCEEDED)
Testing orderNo: 2D7032D5 (expect INVALID, code PIZZA_FROM_MULTIPLE_RESTAURANTS)
Testing orderNo: 4BED734D (expect INVALID, code RESTAURANT_CLOSED)
Testing orderNo: 46600DE8 (expect INVALID, code PRICE_FOR_PIZZA_INVALID)
Testing orderNo: 16E20DA7 (expect INVALID, code EMPTY_ORDER)
Testing orderNo: 2882A6B4 (expect INVALID, code CARD_NUMBER_INVALID)
Testing orderNo: 4C3CE654 (expect INVALID, code EXPIRY_DATE_INVALID)
Testing orderNo: 3CBBD35B (expect INVALID, code CVV_INVALID)
Testing orderNo: 594EB014 (expect INVALID, code TOTAL_INCORRECT)
Testing orderNo: 3C2A05BD (expect INVALID, code PIZZA_NOT_DEFINED)
Testing orderNo: 4FD70295 (expect INVALID, code MAX_PIZZA_COUNT_EXCEEDED)
Testing orderNo: 3FC6A465 (expect INVALID, code PIZZA_FROM_MULTIPLE_RESTAURANTS)
Testing orderNo: 44841F22 (expect INVALID, code RESTAURANT_CLOSED)
Testing orderNo: 62EF91BF (expect INVALID, code PRICE_FOR_PIZZA_INVALID)
Testing orderNo: 6A41CA14 (expect INVALID, code EMPTY_ORDER)
Testing orderNo: 5457B4E0 (expect INVALID, code CARD_NUMBER_INVALID)
Testing orderNo: 71836FAF (expect INVALID, code EXPIRY_DATE_INVALID)
Testing orderNo: 3F049CBE (expect INVALID, code CVV_INVALID)
Testing orderNo: 5E943D6B (expect INVALID, code TOTAL_INCORRECT)
Testing orderNo: 1383955B (expect INVALID, code PIZZA_NOT_DEFINED)
Testing orderNo: 0DE9FC57 (expect INVALID, code MAX_PIZZA_COUNT_EXCEEDED)
Testing orderNo: 72970E65 (expect INVALID, code PIZZA_FROM_MULTIPLE_RESTAURANTS)
Testing orderNo: 08B00CBE (expect INVALID, code RESTAURANT_CLOSED)
Testing orderNo: 071F9B44 (expect INVALID, code PRICE_FOR_PIZZA_INVALID)
Testing orderNo: 31AE51F3 (expect INVALID, code EMPTY_ORDER)
Testing orderNo: 2B3F6A17 (expect INVALID, code CARD_NUMBER_INVALID)
Testing orderNo: 37E4616C (expect INVALID, code EXPIRY_DATE_INVALID)
Testing orderNo: 3B472254 (expect INVALID, code CVV_INVALID)
Testing orderNo: 7FFE0783 (expect INVALID, code TOTAL_INCORRECT)
Testing orderNo: 4CB9996D (expect INVALID, code PIZZA_NOT_DEFINED)
Testing orderNo: 1A47EA15 (expect INVALID, code MAX_PIZZA_COUNT_EXCEEDED)
Testing orderNo: 4F05A85F (expect INVALID, code PIZZA_FROM_MULTIPLE_RESTAURANTS)
Testing orderNo: 4B58280E (expect INVALID, code RESTAURANT_CLOSED)
Testing orderNo: 1CE17A7B (expect INVALID, code PRICE_FOR_PIZZA_INVALID)
Testing orderNo: 0B13F3D9 (expect INVALID, code EMPTY_ORDER)
Testing orderNo: 38CED746 (expect INVALID, code CARD_NUMBER_INVALID)
Testing orderNo: 3CBAF8F3 (expect INVALID, code EXPIRY_DATE_INVALID)
Testing orderNo: 77625FFE (expect INVALID, code CVV_INVALID)
Testing orderNo: 040B6B9E (expect INVALID, code TOTAL_INCORRECT)
Testing orderNo: 1418339F (expect INVALID, code PIZZA_NOT_DEFINED)
Testing orderNo: 20387A01 (expect INVALID, code MAX_PIZZA_COUNT_EXCEEDED)
Testing orderNo: 0279AB5F (expect INVALID, code PIZZA_FROM_MULTIPLE_RESTAURANTS)
Testing orderNo: 14C8055B (expect INVALID, code RESTAURANT_CLOSED)
Testing orderNo: 36B1A34E (expect INVALID, code PRICE_FOR_PIZZA_INVALID)
Testing orderNo: 7243044A (expect INVALID, code EMPTY_ORDER)
Testing orderNo: 27890B60 (expect INVALID, code CARD_NUMBER_INVALID)
Testing orderNo: 55D15A65 (expect INVALID, code EXPIRY_DATE_INVALID)
Testing orderNo: 635B3A13 (expect INVALID, code CVV_INVALID)
Testing orderNo: 1C085533 (expect INVALID, code TOTAL_INCORRECT)
Testing orderNo: 539E02FC (expect INVALID, code PIZZA_NOT_DEFINED)
Testing orderNo: 5870266C (expect INVALID, code MAX_PIZZA_COUNT_EXCEEDED)
Testing orderNo: 1C51BDAB (expect INVALID, code PIZZA_FROM_MULTIPLE_RESTAURANTS)
Testing orderNo: 7D726111 (expect INVALID, code RESTAURANT_CLOSED)
Testing orderNo: 31223F4B (expect INVALID, code PRICE_FOR_PIZZA_INVALID)
Testing orderNo: 64368D0B (expect INVALID, code EMPTY_ORDER)
Testing orderNo: 1DCA03F4 (expect INVALID, code CARD_NUMBER_INVALID)
Testing orderNo: 76086B53 (expect INVALID, code EXPIRY_DATE_INVALID)
Testing orderNo: 32A9FB06 (expect INVALID, code CVV_INVALID)
Testing orderNo: 47E3FFD0 (expect INVALID, code TOTAL_INCORRECT)
Testing orderNo: 69537CE8 (expect INVALID, code PIZZA_NOT_DEFINED)
Testing orderNo: 443E521E (expect INVALID, code MAX_PIZZA_COUNT_EXCEEDED)
Testing orderNo: 3D394758 (expect INVALID, code PIZZA_FROM_MULTIPLE_RESTAURANTS)
Testing orderNo: 0C2A3781 (expect INVALID, code RESTAURANT_CLOSED)
Testing orderNo: 637C3F0F (expect INVALID, code PRICE_FOR_PIZZA_INVALID)
Testing orderNo: 37B163E6 (expect INVALID, code EMPTY_ORDER)
Testing orderNo: 1E622033 (expect INVALID, code CARD_NUMBER_INVALID)
Testing orderNo: 60FB4FE8 (expect INVALID, code EXPIRY_DATE_INVALID)
Testing orderNo: 67257C6F (expect INVALID, code CVV_INVALID)
Testing orderNo: 7A083383 (expect INVALID, code TOTAL_INCORRECT)
Testing orderNo: 42980590 (expect INVALID, code PIZZA_NOT_DEFINED)
Testing orderNo: 145A759E (expect INVALID, code MAX_PIZZA_COUNT_EXCEEDED)
Testing orderNo: 7EDE246F (expect INVALID, code PIZZA_FROM_MULTIPLE_RESTAURANTS)
Testing orderNo: 7FCD98EB (expect INVALID, code RESTAURANT_CLOSED)
Testing orderNo: 1BFF59A6 (expect INVALID, code PRICE_FOR_PIZZA_INVALID)
Testing orderNo: 66BBF9D6 (expect INVALID, code EMPTY_ORDER)
Testing orderNo: 28BD7DB0 (expect INVALID, code CARD_NUMBER_INVALID)
Testing orderNo: 0977E975 (expect INVALID, code EXPIRY_DATE_INVALID)
Testing orderNo: 62A62CF5 (expect INVALID, code CVV_INVALID)
Testing orderNo: 59ED1BF8 (expect INVALID, code TOTAL_INCORRECT)
Testing orderNo: 74D0F4A8 (expect INVALID, code PIZZA_NOT_DEFINED)
Testing orderNo: 2997A52B (expect INVALID, code MAX_PIZZA_COUNT_EXCEEDED)
Testing orderNo: 1F62C972 (expect INVALID, code PIZZA_FROM_MULTIPLE_RESTAURANTS)
Testing orderNo: 6C3036A9 (expect INVALID, code RESTAURANT_CLOSED)
Testing orderNo: 00A86928 (expect INVALID, code PRICE_FOR_PIZZA_INVALID)
Testing orderNo: 32AC872D (expect INVALID, code EMPTY_ORDER)
Testing orderNo: 2AAEA4A8 (expect INVALID, code CARD_NUMBER_INVALID)
Testing orderNo: 3ED91054 (expect INVALID, code EXPIRY_DATE_INVALID)
Testing orderNo: 343A2127 (expect INVALID, code CVV_INVALID)
Testing orderNo: 79F5DE35 (expect INVALID, code TOTAL_INCORRECT)
Testing orderNo: 3CFCF862 (expect INVALID, code PIZZA_NOT_DEFINED)
Testing orderNo: 068DB84B (expect INVALID, code MAX_PIZZA_COUNT_EXCEEDED)
Testing orderNo: 5B7FFF67 (expect INVALID, code PIZZA_FROM_MULTIPLE_RESTAURANTS)
Testing orderNo: 0EF7DE17 (expect INVALID, code RESTAURANT_CLOSED)
Testing orderNo: 3EF6BFC7 (expect INVALID, code PRICE_FOR_PIZZA_INVALID)
Testing orderNo: 313A56DE (expect INVALID, code EMPTY_ORDER)
Testing orderNo: 2C6CA71E (expect INVALID, code CARD_NUMBER_INVALID)
Testing orderNo: 4870E95E (expect INVALID, code EXPIRY_DATE_INVALID)
Testing orderNo: 7E2D5583 (expect INVALID, code CVV_INVALID)
Testing orderNo: 57F7A23E (expect INVALID, code TOTAL_INCORRECT)
Testing orderNo: 583D3628 (expect INVALID, code PIZZA_NOT_DEFINED)
Testing orderNo: 19338609 (expect INVALID, code MAX_PIZZA_COUNT_EXCEEDED)
Testing orderNo: 7A8F8D24 (expect INVALID, code PIZZA_FROM_MULTIPLE_RESTAURANTS)
Testing orderNo: 4CCF4F6C (expect INVALID, code RESTAURANT_CLOSED)
Testing orderNo: 0D27E20F (expect INVALID, code PRICE_FOR_PIZZA_INVALID)
Testing orderNo: 750F3FB8 (expect INVALID, code EMPTY_ORDER)
Testing orderNo: 41C4B0D4 (expect VALID, code NO_ERROR)
Testing orderNo: 43F8BF06 (expect VALID, code NO_ERROR)
Testing orderNo: 3E256A23 (expect VALID, code NO_ERROR)
Testing orderNo: 7953B4B8 (expect VALID, code NO_ERROR)
Testing orderNo: 57FC80E5 (expect VALID, code NO_ERROR)
Testing orderNo: 4787BFBC (expect VALID, code NO_ERROR)
Testing orderNo: 78E7D50A (expect VALID, code NO_ERROR)
Testing orderNo: 594F6B4B (expect VALID, code NO_ERROR)
Testing orderNo: 794494B4 (expect VALID, code NO_ERROR)
Testing orderNo: 12731FCE (expect VALID, code NO_ERROR)
Testing orderNo: 3B5F766A (expect VALID, code NO_ERROR)
Testing orderNo: 20143F51 (expect VALID, code NO_ERROR)
Testing orderNo: 64B8C1BF (expect VALID, code NO_ERROR)
Testing orderNo: 6355D288 (expect VALID, code NO_ERROR)
Testing orderNo: 33194EE2 (expect VALID, code NO_ERROR)
Testing orderNo: 412637B8 (expect VALID, code NO_ERROR)
Testing orderNo: 58B9F0A9 (expect VALID, code NO_ERROR)
Testing orderNo: 346F16C0 (expect VALID, code NO_ERROR)
Testing orderNo: 5FA62BC9 (expect VALID, code NO_ERROR)
Testing orderNo: 3A573DAC (expect VALID, code NO_ERROR)
Testing orderNo: 338F4D5A (expect VALID, code NO_ERROR)
Testing orderNo: 4BB727F9 (expect VALID, code NO_ERROR)
Testing orderNo: 5A24DDB0 (expect VALID, code NO_ERROR)
Testing orderNo: 2CA9FED6 (expect VALID, code NO_ERROR)
Testing orderNo: 52C9EECD (expect VALID, code NO_ERROR)
Testing orderNo: 0ED032CE (expect VALID, code NO_ERROR)
Testing orderNo: 0762DC8A (expect VALID, code NO_ERROR)
Testing orderNo: 7D8AF1B2 (expect VALID, code NO_ERROR)
Testing orderNo: 6CD42953 (expect VALID, code NO_ERROR)
Testing orderNo: 3C3E4B5B (expect VALID, code NO_ERROR)
Testing orderNo: 533A7A67 (expect VALID, code NO_ERROR)
Testing orderNo: 55CA8D3B (expect VALID, code NO_ERROR)
Testing orderNo: 332C8C7D (expect VALID, code NO_ERROR)
Testing orderNo: 2D4D72F2 (expect VALID, code NO_ERROR)
Testing orderNo: 45DEDCA6 (expect VALID, code NO_ERROR)
Testing orderNo: 66A0EA07 (expect VALID, code NO_ERROR)
Testing orderNo: 7CBEB9CA (expect VALID, code NO_ERROR)
Testing orderNo: 0A956B90 (expect VALID, code NO_ERROR)
Testing orderNo: 3E3B9DEE (expect VALID, code NO_ERROR)
Testing orderNo: 4EDC1819 (expect VALID, code NO_ERROR)
Testing orderNo: 76039E40 (expect VALID, code NO_ERROR)
Testing orderNo: 7FF540E0 (expect VALID, code NO_ERROR)
Testing orderNo: 69C044DF (expect VALID, code NO_ERROR)
Testing orderNo: 53A4AC95 (expect VALID, code NO_ERROR)
Testing orderNo: 4138A6CD (expect VALID, code NO_ERROR)
Testing orderNo: 604E04AF (expect VALID, code NO_ERROR)
Testing orderNo: 43E0CF48 (expect VALID, code NO_ERROR)
Testing orderNo: 22007EDF (expect VALID, code NO_ERROR)
Testing orderNo: 4D85E09C (expect VALID, code NO_ERROR)
Testing orderNo: 5A0F3DC2 (expect VALID, code NO_ERROR)
Testing orderNo: 0A834E71 (expect VALID, code NO_ERROR)
Testing orderNo: 281D5735 (expect VALID, code NO_ERROR)
Testing orderNo: 3BA5D119 (expect VALID, code NO_ERROR)
Testing orderNo: 36F69BF9 (expect VALID, code NO_ERROR)
Testing orderNo: 46F9E344 (expect VALID, code NO_ERROR)
Testing orderNo: 14458EF9 (expect VALID, code NO_ERROR)
Testing orderNo: 34BEC6EA (expect VALID, code NO_ERROR)
Testing orderNo: 2529B1F5 (expect VALID, code NO_ERROR)
Testing orderNo: 7B8B388C (expect VALID, code NO_ERROR)
Testing orderNo: 459B51D5 (expect VALID, code NO_ERROR)
Testing orderNo: 00BF07D5 (expect VALID, code NO_ERROR)
Testing orderNo: 3DEEC73B (expect VALID, code NO_ERROR)
Testing orderNo: 3A5D6551 (expect VALID, code NO_ERROR)
Testing orderNo: 4EA2D3C0 (expect VALID, code NO_ERROR)
Testing orderNo: 5E4CF511 (expect VALID, code NO_ERROR)
Testing orderNo: 4AC48AFF (expect VALID, code NO_ERROR)
Testing orderNo: 57B99348 (expect VALID, code NO_ERROR)
Testing orderNo: 22D33DE4 (expect VALID, code NO_ERROR)
Testing orderNo: 7CCB80A3 (expect VALID, code NO_ERROR)
Testing orderNo: 79621E02 (expect VALID, code NO_ERROR)
Testing orderNo: 71043534 (expect VALID, code NO_ERROR)
Testing orderNo: 432E38CE (expect VALID, code NO_ERROR)
Testing orderNo: 67A971D1 (expect VALID, code NO_ERROR)
Testing orderNo: 10108897 (expect VALID, code NO_ERROR)
Testing orderNo: 7F117E83 (expect VALID, code NO_ERROR)
Testing orderNo: 41F9F02E (expect VALID, code NO_ERROR)
Testing orderNo: 45A10D1D (expect VALID, code NO_ERROR)
Testing orderNo: 5FD95F61 (expect VALID, code NO_ERROR)
Testing orderNo: 7EC7D288 (expect VALID, code NO_ERROR)
Testing orderNo: 6874C667 (expect VALID, code NO_ERROR)
Testing orderNo: 45590C92 (expect VALID, code NO_ERROR)
Testing orderNo: 7A64CEA8 (expect VALID, code NO_ERROR)
Testing orderNo: 05D8D156 (expect VALID, code NO_ERROR)
Testing orderNo: 4051383D (expect VALID, code NO_ERROR)
Testing orderNo: 0E849357 (expect VALID, code NO_ERROR)
Testing orderNo: 530519D8 (expect VALID, code NO_ERROR)
Testing orderNo: 2DD5ADD9 (expect VALID, code NO_ERROR)
Testing orderNo: 7FF8E214 (expect VALID, code NO_ERROR)
Testing orderNo: 700FD930 (expect VALID, code NO_ERROR)
Testing orderNo: 686E159F (expect VALID, code NO_ERROR)
Testing orderNo: 03E6E44B (expect VALID, code NO_ERROR)
Testing orderNo: 18D8DA43 (expect VALID, code NO_ERROR)
Testing orderNo: 27EBCF70 (expect VALID, code NO_ERROR)
Testing orderNo: 68BDBF76 (expect VALID, code NO_ERROR)
Testing orderNo: 0E17433E (expect VALID, code NO_ERROR)
Testing orderNo: 48E147A4 (expect VALID, code NO_ERROR)
Testing orderNo: 22D7AFB5 (expect VALID, code NO_ERROR)
Testing orderNo: 07119584 (expect VALID, code NO_ERROR)
Testing orderNo: 231DBD8F (expect VALID, code NO_ERROR)
Testing orderNo: 2AFE8577 (expect VALID, code NO_ERROR)
Testing orderNo: 14231312 (expect VALID, code NO_ERROR)
Testing orderNo: 208D75E5 (expect VALID, code NO_ERROR)
Testing orderNo: 48B68A37 (expect VALID, code NO_ERROR)
Testing orderNo: 7C360A01 (expect VALID, code NO_ERROR)
Testing orderNo: 68588C4C (expect VALID, code NO_ERROR)
Testing orderNo: 5DBD141B (expect VALID, code NO_ERROR)
Testing orderNo: 40EC64E7 (expect VALID, code NO_ERROR)
Testing orderNo: 24CBBB4D (expect VALID, code NO_ERROR)
Testing orderNo: 6D4D6B10 (expect VALID, code NO_ERROR)
Testing orderNo: 208E2CDF (expect VALID, code NO_ERROR)
Testing orderNo: 75A5314E (expect VALID, code NO_ERROR)
Testing orderNo: 3C640B05 (expect VALID, code NO_ERROR)
Testing orderNo: 0C6A9698 (expect VALID, code NO_ERROR)
Testing orderNo: 64E0F98D (expect VALID, code NO_ERROR)
Testing orderNo: 04F87994 (expect VALID, code NO_ERROR)
Testing orderNo: 6915263A (expect VALID, code NO_ERROR)
Testing orderNo: 454CD798 (expect VALID, code NO_ERROR)
Testing orderNo: 5ABA816B (expect VALID, code NO_ERROR)
Testing orderNo: 7A1FB42E (expect VALID, code NO_ERROR)
Testing orderNo: 4C91223F (expect VALID, code NO_ERROR)
Testing orderNo: 59D9A14D (expect VALID, code NO_ERROR)
Testing orderNo: 16F2063B (expect VALID, code NO_ERROR)
Testing orderNo: 343BF64A (expect VALID, code NO_ERROR)
Testing orderNo: 1C539F33 (expect VALID, code NO_ERROR)
Testing orderNo: 38F292BF (expect VALID, code NO_ERROR)
Testing orderNo: 3DAE9638 (expect VALID, code NO_ERROR)
Testing orderNo: 55674EB2 (expect VALID, code NO_ERROR)
Testing orderNo: 252D6C80 (expect VALID, code NO_ERROR)
Testing orderNo: 4E807EB3 (expect VALID, code NO_ERROR)
Testing orderNo: 104AD4FB (expect VALID, code NO_ERROR)
Testing orderNo: 7B8C8EC8 (expect VALID, code NO_ERROR)
Testing orderNo: 5B162E7A (expect VALID, code NO_ERROR)
Testing orderNo: 13F8C47A (expect VALID, code NO_ERROR)
Testing orderNo: 6D691B15 (expect VALID, code NO_ERROR)
Testing orderNo: 5A9BABB4 (expect VALID, code NO_ERROR)
Testing orderNo: 1600BB1E (expect VALID, code NO_ERROR)
Testing orderNo: 4E3F380E (expect VALID, code NO_ERROR)
Testing orderNo: 5A1E9146 (expect VALID, code NO_ERROR)
Testing orderNo: 0EB69B82 (expect VALID, code NO_ERROR)
Testing orderNo: 32EE4176 (expect VALID, code NO_ERROR)
Testing orderNo: 6DAF7B9B (expect VALID, code NO_ERROR)
Testing orderNo: 0084B9E0 (expect VALID, code NO_ERROR)
Testing orderNo: 672281ED (expect VALID, code NO_ERROR)
Testing orderNo: 3626E6E0 (expect VALID, code NO_ERROR)
Testing orderNo: 2149FB61 (expect VALID, code NO_ERROR)
Testing orderNo: 37E4FE64 (expect VALID, code NO_ERROR)
Testing orderNo: 634AD90F (expect VALID, code NO_ERROR)
Testing orderNo: 28695E9F (expect VALID, code NO_ERROR)
Testing orderNo: 51FBB70D (expect VALID, code NO_ERROR)
Testing orderNo: 7749AF8B (expect VALID, code NO_ERROR)
Testing orderNo: 78CFDDCE (expect VALID, code NO_ERROR)
Testing orderNo: 62CBC676 (expect VALID, code NO_ERROR)
Testing orderNo: 1CB553F3 (expect VALID, code NO_ERROR)
Testing orderNo: 749143CA (expect VALID, code NO_ERROR)
Testing orderNo: 78AB6D89 (expect VALID, code NO_ERROR)
Testing orderNo: 2A55AA96 (expect VALID, code NO_ERROR)
Testing orderNo: 718C553A (expect VALID, code NO_ERROR)
Testing orderNo: 7D562294 (expect VALID, code NO_ERROR)
Testing orderNo: 6E247D0F (expect VALID, code NO_ERROR)
Testing orderNo: 5B4C9710 (expect VALID, code NO_ERROR)
Testing orderNo: 187DD190 (expect VALID, code NO_ERROR)
Testing orderNo: 42E75F41 (expect VALID, code NO_ERROR)
Testing orderNo: 27E881D5 (expect VALID, code NO_ERROR)
Testing orderNo: 21CC2FCA (expect VALID, code NO_ERROR)
Testing orderNo: 7D644421 (expect VALID, code NO_ERROR)
Testing orderNo: 2461ADBD (expect VALID, code NO_ERROR)
Testing orderNo: 2EEB36DA (expect VALID, code NO_ERROR)
Testing orderNo: 72E435FE (expect VALID, code NO_ERROR)
Testing orderNo: 638E6F3F (expect VALID, code NO_ERROR)
Testing orderNo: 4F678888 (expect VALID, code NO_ERROR)
Testing orderNo: 439FBC95 (expect VALID, code NO_ERROR)
Testing orderNo: 0E3D9AEE (expect VALID, code NO_ERROR)
Testing orderNo: 1501C643 (expect VALID, code NO_ERROR)
Testing orderNo: 77EB9FD5 (expect VALID, code NO_ERROR)
Testing orderNo: 212984B0 (expect VALID, code NO_ERROR)
Testing orderNo: 027FC6D9 (expect VALID, code NO_ERROR)
Testing orderNo: 01F3D09A (expect VALID, code NO_ERROR)
Testing orderNo: 6F849CC2 (expect VALID, code NO_ERROR)
Testing orderNo: 33FD97BF (expect VALID, code NO_ERROR)
Testing orderNo: 5E5693A6 (expect VALID, code NO_ERROR)
Testing orderNo: 3E7B57E7 (expect VALID, code NO_ERROR)
Testing orderNo: 1AB98556 (expect VALID, code NO_ERROR)
Testing orderNo: 1495C2E4 (expect VALID, code NO_ERROR)
Testing orderNo: 78865F5A (expect VALID, code NO_ERROR)
Testing orderNo: 3949DFD1 (expect VALID, code NO_ERROR)
Testing orderNo: 2E2133E7 (expect VALID, code NO_ERROR)
Testing orderNo: 1CED8418 (expect VALID, code NO_ERROR)
Testing orderNo: 61EEE56D (expect VALID, code NO_ERROR)
Testing orderNo: 26D4039A (expect VALID, code NO_ERROR)
Testing orderNo: 7E0024DA (expect VALID, code NO_ERROR)
Testing orderNo: 55CEF509 (expect VALID, code NO_ERROR)
Testing orderNo: 7D043D78 (expect VALID, code NO_ERROR)
Testing orderNo: 031F8581 (expect VALID, code NO_ERROR)
Testing orderNo: 397122E3 (expect VALID, code NO_ERROR)
Testing orderNo: 02EB582D (expect VALID, code NO_ERROR)
Testing orderNo: 22EE98B0 (expect VALID, code NO_ERROR)
Testing orderNo: 3218741B (expect VALID, code NO_ERROR)
Testing orderNo: 7DE304BC (expect VALID, code NO_ERROR)
Testing orderNo: 62D144BE (expect VALID, code NO_ERROR)
Testing orderNo: 4C0386B3 (expect VALID, code NO_ERROR)
Testing orderNo: 4B031DDA (expect VALID, code NO_ERROR)
Testing orderNo: 5DE9AF30 (expect VALID, code NO_ERROR)
Testing orderNo: 71F4FA77 (expect VALID, code NO_ERROR)
Testing orderNo: 3A8D3BDB (expect VALID, code NO_ERROR)
Testing orderNo: 451E214C (expect VALID, code NO_ERROR)
Testing orderNo: 38FFE00C (expect VALID, code NO_ERROR)
Testing orderNo: 1DF9BD2A (expect VALID, code NO_ERROR)
Testing orderNo: 493F3397 (expect VALID, code NO_ERROR)
Testing orderNo: 5323BBA9 (expect VALID, code NO_ERROR)
Testing orderNo: 52FA29D8 (expect VALID, code NO_ERROR)
Testing orderNo: 26991386 (expect VALID, code NO_ERROR)
Testing orderNo: 617B81F4 (expect VALID, code NO_ERROR)
Testing orderNo: 0742BE0E (expect VALID, code NO_ERROR)
Testing orderNo: 6B96E00E (expect VALID, code NO_ERROR)
Testing orderNo: 479CE4FD (expect VALID, code NO_ERROR)
Testing orderNo: 57711962 (expect VALID, code NO_ERROR)
Testing orderNo: 7AF2C288 (expect VALID, code NO_ERROR)
Testing orderNo: 12F57EA8 (expect VALID, code NO_ERROR)
Testing orderNo: 4B454A0B (expect VALID, code NO_ERROR)
Testing orderNo: 5EB73A17 (expect VALID, code NO_ERROR)
Testing orderNo: 39A408DE (expect VALID, code NO_ERROR)
Testing orderNo: 5F9E87ED (expect VALID, code NO_ERROR)
Testing orderNo: 7F66CF75 (expect VALID, code NO_ERROR)
Testing orderNo: 43B3EAA3 (expect VALID, code NO_ERROR)
Testing orderNo: 50981749 (expect VALID, code NO_ERROR)
Testing orderNo: 44A2BDFC (expect VALID, code NO_ERROR)
Testing orderNo: 40BD85C6 (expect VALID, code NO_ERROR)
Testing orderNo: 7D23A6D5 (expect VALID, code NO_ERROR)
Testing orderNo: 5E171372 (expect VALID, code NO_ERROR)
Testing orderNo: 43120744 (expect VALID, code NO_ERROR)
Testing orderNo: 290AB588 (expect VALID, code NO_ERROR)
Testing orderNo: 229F4BC1 (expect VALID, code NO_ERROR)
Testing orderNo: 6082C8A4 (expect VALID, code NO_ERROR)
Testing orderNo: 297838F2 (expect VALID, code NO_ERROR)
Testing orderNo: 3EA81E8C (expect VALID, code NO_ERROR)
Testing orderNo: 4B6579A1 (expect VALID, code NO_ERROR)
Testing orderNo: 7BB0E0DC (expect VALID, code NO_ERROR)
Testing orderNo: 38CF9B8A (expect VALID, code NO_ERROR)
Testing orderNo: 6EF24E77 (expect VALID, code NO_ERROR)
Testing orderNo: 361F5264 (expect VALID, code NO_ERROR)
Testing orderNo: 37C6F219 (expect VALID, code NO_ERROR)
Testing orderNo: 7D2B6ABE (expect VALID, code NO_ERROR)
Testing orderNo: 245DBAEC (expect VALID, code NO_ERROR)
Testing orderNo: 524ED7E1 (expect VALID, code NO_ERROR)
Testing orderNo: 14BFB706 (expect VALID, code NO_ERROR)
Testing orderNo: 4EDB4089 (expect VALID, code NO_ERROR)
Testing orderNo: 6BDBE515 (expect VALID, code NO_ERROR)
Testing orderNo: 6981BE11 (expect VALID, code NO_ERROR)
Testing orderNo: 39BDCE24 (expect VALID, code NO_ERROR)
Testing orderNo: 219EAA41 (expect VALID, code NO_ERROR)
Testing orderNo: 496D9315 (expect VALID, code NO_ERROR)
Testing orderNo: 42DEE614 (expect VALID, code NO_ERROR)
Testing orderNo: 04491A6B (expect VALID, code NO_ERROR)
Testing orderNo: 660EA441 (expect VALID, code NO_ERROR)
Testing orderNo: 1028033D (expect VALID, code NO_ERROR)
Testing orderNo: 0691CC18 (expect VALID, code NO_ERROR)
Testing orderNo: 7960CEB8 (expect VALID, code NO_ERROR)
Testing orderNo: 14D87349 (expect VALID, code NO_ERROR)
Testing orderNo: 6CBEB257 (expect VALID, code NO_ERROR)
Testing orderNo: 5CDC7C4F (expect VALID, code NO_ERROR)
Testing orderNo: 498D1E39 (expect VALID, code NO_ERROR)
Testing orderNo: 2B7401A9 (expect VALID, code NO_ERROR)
Testing orderNo: 1384B25F (expect VALID, code NO_ERROR)
Testing orderNo: 042DF689 (expect VALID, code NO_ERROR)
Testing orderNo: 201E56B7 (expect VALID, code NO_ERROR)
Testing orderNo: 553BB25C (expect VALID, code NO_ERROR)
Testing orderNo: 13A3AFC4 (expect VALID, code NO_ERROR)
Testing orderNo: 16435856 (expect VALID, code NO_ERROR)
Testing orderNo: 1D82F87D (expect VALID, code NO_ERROR)
Testing orderNo: 69A2F341 (expect VALID, code NO_ERROR)
Testing orderNo: 6009E2E1 (expect VALID, code NO_ERROR)
Testing orderNo: 6C15E6DA (expect VALID, code NO_ERROR)
Testing orderNo: 323D4558 (expect VALID, code NO_ERROR)
Testing orderNo: 6190915B (expect VALID, code NO_ERROR)
Testing orderNo: 35A366FE (expect VALID, code NO_ERROR)
Testing orderNo: 015FAECF (expect VALID, code NO_ERROR)
Testing orderNo: 1DA14B83 (expect VALID, code NO_ERROR)
Testing orderNo: 6DF2EAC6 (expect VALID, code NO_ERROR)
Testing orderNo: 1ED152EB (expect VALID, code NO_ERROR)
Testing orderNo: 48E9525B (expect VALID, code NO_ERROR)
Testing orderNo: 3FFC5BD1 (expect VALID, code NO_ERROR)
Testing orderNo: 1056955F (expect VALID, code NO_ERROR)
Testing orderNo: 66FB7CDA (expect VALID, code NO_ERROR)
Testing orderNo: 1388D212 (expect VALID, code NO_ERROR)
Testing orderNo: 3BA65C06 (expect VALID, code NO_ERROR)
Testing orderNo: 368EDD0C (expect VALID, code NO_ERROR)
Testing orderNo: 3CCFEA76 (expect VALID, code NO_ERROR)
Testing orderNo: 0C94AF99 (expect VALID, code NO_ERROR)
Testing orderNo: 6927AE07 (expect VALID, code NO_ERROR)
Testing orderNo: 2EEEC443 (expect VALID, code NO_ERROR)
Testing orderNo: 27A80FFE (expect VALID, code NO_ERROR)
Testing orderNo: 6758848C (expect VALID, code NO_ERROR)
Testing orderNo: 687879FB (expect VALID, code NO_ERROR)
Testing orderNo: 728BB2E8 (expect VALID, code NO_ERROR)
Testing orderNo: 10297EBB (expect VALID, code NO_ERROR)
Testing orderNo: 04729243 (expect VALID, code NO_ERROR)
Testing orderNo: 28A2F5FA (expect VALID, code NO_ERROR)
Testing orderNo: 244BC364 (expect VALID, code NO_ERROR)
Testing orderNo: 4D2169A3 (expect VALID, code NO_ERROR)
Testing orderNo: 0AEE49DA (expect VALID, code NO_ERROR)
]]></system-out>
    <system-err><![CDATA[WARNING: A Java agent has been loaded dynamically (C:\Users\Guolong\.m2\repository\net\bytebuddy\byte-buddy-agent\1.14.19\byte-buddy-agent-1.14.19.jar)
WARNING: If a serviceability tool is in use, please run with -XX:+EnableDynamicAgentLoading to hide this warning
WARNING: If a serviceability tool is not in use, please run with -Djdk.instrument.traceUsage for more information
WARNING: Dynamic loading of agents will be disallowed by default in a future release
]]></system-err>
  </testcase>
</testsuite>